<?xml version="1.0" encoding="UTF-8"?>
<robot generator="Robot 5.0.1 (Python 3.10.5 on win32)" generated="20221229 12:23:28.446" rpa="false" schemaversion="3">
<suite id="s1" name="Frames1" source="c:\Users\91984\OneDrive\Desktop\pythonCode\robot\testcases\frames1.robot">
<test id="s1-t1" name="Handling_Frames" line="10">
<kw name="Open Browser" library="SeleniumLibrary">
<arg>${URL}</arg>
<arg>${broswer}</arg>
<doc>Opens a new browser instance to the optional ``url``.</doc>
<msg timestamp="20221229 12:23:29.812" level="INFO">Opening browser 'chrome' to base url 'https://www.selenium.dev/selenium/docs/api/java/index.html?overview-summary.html'.</msg>
<status status="PASS" starttime="20221229 12:23:29.799" endtime="20221229 12:23:33.849"/>
</kw>
<kw name="Set Selenium Speed" library="SeleniumLibrary">
<arg>2seconds</arg>
<doc>Sets the delay that is waited after each Selenium command.</doc>
<status status="PASS" starttime="20221229 12:23:33.858" endtime="20221229 12:23:33.862"/>
</kw>
<kw name="Maximize Browser Window" library="SeleniumLibrary">
<doc>Maximizes current browser window.</doc>
<status status="PASS" starttime="20221229 12:23:33.866" endtime="20221229 12:23:36.158"/>
</kw>
<kw name="Frames_" library="FramesOps01">
<kw name="Select Frame" library="SeleniumLibrary">
<arg>packageListFrame</arg>
<doc>Sets frame identified by ``locator`` as the current frame.</doc>
<msg timestamp="20221229 12:23:36.167" level="INFO">Selecting frame 'packageListFrame'.</msg>
<status status="PASS" starttime="20221229 12:23:36.164" endtime="20221229 12:23:40.235"/>
</kw>
<kw name="Click Link" library="SeleniumLibrary">
<arg>org.openqa.selenium</arg>
<doc>Clicks a link identified by ``locator``.</doc>
<msg timestamp="20221229 12:23:40.237" level="INFO">Clicking link 'org.openqa.selenium'.</msg>
<status status="PASS" starttime="20221229 12:23:40.236" endtime="20221229 12:23:46.412"/>
</kw>
<kw name="Unselect Frame" library="SeleniumLibrary">
<doc>Sets the main frame as the current frame.</doc>
<status status="PASS" starttime="20221229 12:23:46.415" endtime="20221229 12:23:48.440"/>
</kw>
<kw name="Select Frame" library="SeleniumLibrary">
<arg>packageFrame</arg>
<doc>Sets frame identified by ``locator`` as the current frame.</doc>
<msg timestamp="20221229 12:23:48.442" level="INFO">Selecting frame 'packageFrame'.</msg>
<status status="PASS" starttime="20221229 12:23:48.441" endtime="20221229 12:23:52.512"/>
</kw>
<kw name="Click Link" library="SeleniumLibrary">
<arg>Alert</arg>
<doc>Clicks a link identified by ``locator``.</doc>
<msg timestamp="20221229 12:23:52.516" level="INFO">Clicking link 'Alert'.</msg>
<status status="PASS" starttime="20221229 12:23:52.513" endtime="20221229 12:23:58.650"/>
</kw>
<kw name="Unselect Frame" library="SeleniumLibrary">
<doc>Sets the main frame as the current frame.</doc>
<status status="PASS" starttime="20221229 12:23:58.652" endtime="20221229 12:24:00.666"/>
</kw>
<kw name="Select Frame" library="SeleniumLibrary">
<arg>classFrame</arg>
<doc>Sets frame identified by ``locator`` as the current frame.</doc>
<msg timestamp="20221229 12:24:00.674" level="INFO">Selecting frame 'classFrame'.</msg>
<status status="PASS" starttime="20221229 12:24:00.670" endtime="20221229 12:24:04.758"/>
</kw>
<kw name="Click Link" library="SeleniumLibrary">
<arg>Tree</arg>
<doc>Clicks a link identified by ``locator``.</doc>
<msg timestamp="20221229 12:24:04.761" level="INFO">Clicking link 'Tree'.</msg>
<status status="PASS" starttime="20221229 12:24:04.760" endtime="20221229 12:24:11.250"/>
</kw>
<status status="PASS" starttime="20221229 12:23:36.161" endtime="20221229 12:24:11.253"/>
</kw>
<status status="PASS" starttime="20221229 12:23:29.792" endtime="20221229 12:24:11.260"/>
</test>
<status status="PASS" starttime="20221229 12:23:28.477" endtime="20221229 12:24:11.271"/>
</suite>
<statistics>
<total>
<stat pass="1" fail="0" skip="0">All Tests</stat>
</total>
<tag>
</tag>
<suite>
<stat pass="1" fail="0" skip="0" id="s1" name="Frames1">Frames1</stat>
</suite>
</statistics>
<errors>
</errors>
</robot>
